<?xml version="1.0" encoding="UTF-8"?>
<!-- Generated by org.testng.reporters.JUnitReportReporter -->
<testsuite hostname="DESKTOP-0UOB5R2" name="testNGBasic.AlertFields1" tests="1" failures="0" timestamp="10 Feb 2022 08:44:28 GMT" time="27.575" errors="1">
  <testcase name="main" time="27.575" classname="testNGBasic.AlertFields1">
    <error type="org.openqa.selenium.SessionNotCreatedException" message="session not created: This version of ChromeDriver only supports Chrome version 96
Current browser version is 98.0.4758.82 with binary path C:\Program Files\Google\Chrome\Application\chrome.exe
Build info: version: &#039;3.141.59&#039;, revision: &#039;e82be7d358&#039;, time: &#039;2018-11-14T08:17:03&#039;
System info: host: &#039;DESKTOP-0UOB5R2&#039;, ip: &#039;192.168.43.52&#039;, os.name: &#039;Windows 10&#039;, os.arch: &#039;amd64&#039;, os.version: &#039;10.0&#039;, java.version: &#039;1.8.0_261&#039;
Driver info: driver.version: ChromeDriver
remote stacktrace: Backtrace:
	Ordinal0 [0x003B6903+2517251]
	Ordinal0 [0x0034F8E1+2095329]
	Ordinal0 [0x00252848+1058888]
	Ordinal0 [0x00270B9D+1182621]
	Ordinal0 [0x0026CA60+1165920]
	Ordinal0 [0x0026A2CF+1155791]
	Ordinal0 [0x0029AAAF+1354415]
	Ordinal0 [0x0029A71A+1353498]
	Ordinal0 [0x0029639B+1336219]
	Ordinal0 [0x002727A7+1189799]
	Ordinal0 [0x00273609+1193481]
	GetHandleVerifier [0x00545904+1577972]
	GetHandleVerifier [0x005F0B97+2279047]
	GetHandleVerifier [0x00446D09+534521]
	GetHandleVerifier [0x00445DB9+530601]
	Ordinal0 [0x00354FF9+2117625]
	Ordinal0 [0x003598A8+2136232]
	Ordinal0 [0x003599E2+2136546]
	Ordinal0 [0x00363541+2176321]
	BaseThreadInitThunk [0x75B5FA29+25]
	RtlGetAppContainerNamedObjectPath [0x76F67A9E+286]
	RtlGetAppContainerNamedObjectPath [0x76F67A6E+238]
">
      <![CDATA[org.openqa.selenium.SessionNotCreatedException: session not created: This version of ChromeDriver only supports Chrome version 96
Current browser version is 98.0.4758.82 with binary path C:\Program Files\Google\Chrome\Application\chrome.exe
Build info: version: '3.141.59', revision: 'e82be7d358', time: '2018-11-14T08:17:03'
System info: host: 'DESKTOP-0UOB5R2', ip: '192.168.43.52', os.name: 'Windows 10', os.arch: 'amd64', os.version: '10.0', java.version: '1.8.0_261'
Driver info: driver.version: ChromeDriver
remote stacktrace: Backtrace:
	Ordinal0 [0x003B6903+2517251]
	Ordinal0 [0x0034F8E1+2095329]
	Ordinal0 [0x00252848+1058888]
	Ordinal0 [0x00270B9D+1182621]
	Ordinal0 [0x0026CA60+1165920]
	Ordinal0 [0x0026A2CF+1155791]
	Ordinal0 [0x0029AAAF+1354415]
	Ordinal0 [0x0029A71A+1353498]
	Ordinal0 [0x0029639B+1336219]
	Ordinal0 [0x002727A7+1189799]
	Ordinal0 [0x00273609+1193481]
	GetHandleVerifier [0x00545904+1577972]
	GetHandleVerifier [0x005F0B97+2279047]
	GetHandleVerifier [0x00446D09+534521]
	GetHandleVerifier [0x00445DB9+530601]
	Ordinal0 [0x00354FF9+2117625]
	Ordinal0 [0x003598A8+2136232]
	Ordinal0 [0x003599E2+2136546]
	Ordinal0 [0x00363541+2176321]
	BaseThreadInitThunk [0x75B5FA29+25]
	RtlGetAppContainerNamedObjectPath [0x76F67A9E+286]
	RtlGetAppContainerNamedObjectPath [0x76F67A6E+238]

	at sun.reflect.NativeConstructorAccessorImpl.newInstance0(Native Method)
	at sun.reflect.NativeConstructorAccessorImpl.newInstance(Unknown Source)
	at sun.reflect.DelegatingConstructorAccessorImpl.newInstance(Unknown Source)
	at java.lang.reflect.Constructor.newInstance(Unknown Source)
	at org.openqa.selenium.remote.W3CHandshakeResponse.lambda$errorHandler$0(W3CHandshakeResponse.java:62)
	at org.openqa.selenium.remote.HandshakeResponse.lambda$getResponseFunction$0(HandshakeResponse.java:30)
	at org.openqa.selenium.remote.ProtocolHandshake.lambda$createSession$0(ProtocolHandshake.java:126)
	at java.util.stream.ReferencePipeline$3$1.accept(Unknown Source)
	at java.util.Spliterators$ArraySpliterator.tryAdvance(Unknown Source)
	at java.util.stream.ReferencePipeline.forEachWithCancel(Unknown Source)
	at java.util.stream.AbstractPipeline.copyIntoWithCancel(Unknown Source)
	at java.util.stream.AbstractPipeline.copyInto(Unknown Source)
	at java.util.stream.AbstractPipeline.wrapAndCopyInto(Unknown Source)
	at java.util.stream.FindOps$FindOp.evaluateSequential(Unknown Source)
	at java.util.stream.AbstractPipeline.evaluate(Unknown Source)
	at java.util.stream.ReferencePipeline.findFirst(Unknown Source)
	at org.openqa.selenium.remote.ProtocolHandshake.createSession(ProtocolHandshake.java:128)
	at org.openqa.selenium.remote.ProtocolHandshake.createSession(ProtocolHandshake.java:74)
	at org.openqa.selenium.remote.HttpCommandExecutor.execute(HttpCommandExecutor.java:136)
	at org.openqa.selenium.remote.service.DriverCommandExecutor.execute(DriverCommandExecutor.java:83)
	at org.openqa.selenium.remote.RemoteWebDriver.execute(RemoteWebDriver.java:552)
	at org.openqa.selenium.remote.RemoteWebDriver.startSession(RemoteWebDriver.java:213)
	at org.openqa.selenium.remote.RemoteWebDriver.<init>(RemoteWebDriver.java:131)
	at org.openqa.selenium.chrome.ChromeDriver.<init>(ChromeDriver.java:181)
	at org.openqa.selenium.chrome.ChromeDriver.<init>(ChromeDriver.java:168)
	at org.openqa.selenium.chrome.ChromeDriver.<init>(ChromeDriver.java:123)
	at testNGBasic.AlertFields1.main(AlertFields1.java:14)
	at sun.reflect.NativeMethodAccessorImpl.invoke0(Native Method)
	at sun.reflect.NativeMethodAccessorImpl.invoke(Unknown Source)
	at sun.reflect.DelegatingMethodAccessorImpl.invoke(Unknown Source)
	at java.lang.reflect.Method.invoke(Unknown Source)
	at org.testng.internal.MethodInvocationHelper.invokeMethod(MethodInvocationHelper.java:86)
	at org.testng.internal.Invoker.invokeMethod(Invoker.java:645)
	at org.testng.internal.Invoker.invokeTestMethod(Invoker.java:822)
	at org.testng.internal.Invoker.invokeTestMethods(Invoker.java:1130)
	at org.testng.internal.TestMethodWorker.invokeTestMethods(TestMethodWorker.java:129)
	at org.testng.internal.TestMethodWorker.run(TestMethodWorker.java:112)
	at org.testng.TestRunner.privateRun(TestRunner.java:782)
	at org.testng.TestRunner.run(TestRunner.java:632)
	at org.testng.SuiteRunner.runTest(SuiteRunner.java:366)
	at org.testng.SuiteRunner.runSequentially(SuiteRunner.java:361)
	at org.testng.SuiteRunner.privateRun(SuiteRunner.java:319)
	at org.testng.SuiteRunner.run(SuiteRunner.java:268)
	at org.testng.SuiteRunnerWorker.runSuite(SuiteRunnerWorker.java:52)
	at org.testng.SuiteRunnerWorker.run(SuiteRunnerWorker.java:86)
	at org.testng.TestNG.runSuitesSequentially(TestNG.java:1244)
	at org.testng.TestNG.runSuitesLocally(TestNG.java:1169)
	at org.testng.TestNG.run(TestNG.java:1064)
	at org.testng.remote.RemoteTestNG.run(RemoteTestNG.java:113)
	at org.testng.remote.RemoteTestNG.initAndRun(RemoteTestNG.java:206)
	at org.testng.remote.RemoteTestNG.main(RemoteTestNG.java:177)
]]>
    </error>
  </testcase> <!-- main -->
</testsuite> <!-- testNGBasic.AlertFields1 -->
